input_data=np.ones(1,300,300,3)*127 
result (The last two conv) : conv17_2_mbox_loc , conv17_2_mbox_conf

Caffe 
[ -0.37762505  -4.9746375  -12.097268     2.9525332   -3.9187663
  -6.186067    -6.50631      2.0730083    0.9313287   -1.3617992
   2.7600486    2.0518796    0.20422772  -2.489474     5.4660854
  -2.1694841    0.03202201  -0.15321922  -3.2997663    1.0680015
   1.5761697    0.16805926  -0.8192666   -2.7188444 ]
[  6.2126594 -64.93493    12.958362  -15.364524    2.160776  -61.47785
  11.80887   -15.505317   24.489384  -32.87964   -13.0847    -14.43859
   3.0592554 -52.936474   10.882875  -15.192749   11.900896  -11.540928
 -12.7715845 -12.681661    9.570131  -46.390842    6.5737424 -15.007268 ]

Tensorflow
[ -0.3776309   -4.974626   -12.097257     2.952531    -3.918764
  -6.1860447   -6.5063095    2.0730062    0.93132293  -1.3617911
   2.7600403    2.051882     0.20422424  -2.489469     5.4660745
  -2.1694808    0.03202195  -0.1532191   -3.2997608    1.0680003
   1.5761652    0.16805962  -0.8192614   -2.7188394 ]
[  6.2126436 -64.93481    12.958333  -15.364524    2.160767  -61.477737
  11.80884   -15.505317   24.48933   -32.87957   -13.0847    -14.43859
   3.0592396 -52.936363   10.882845  -15.192749   11.900879  -11.540911
 -12.7715845 -12.681661    9.570115  -46.39076     6.5737166 -15.007268 ]
